生成启动时间为 2015/12/1 13:41:55。
     1>项目“E:\Users\VS_project\CrowdSimulation_GPU\CrowdSimulation_GPU\CrowdSimulation_GPU.vcxproj”在节点 2 上(build 个目标)。
     1>InitializeBuildStatus:
         正在创建“Release\CrowdSimulation_GPU.unsuccessfulbuild”，因为已指定“AlwaysCreate”。
       AddCudaCompileDeps:
         d:\Software\VS2010\VC\bin\cl.exe /E /nologo /showIncludes /TP /D__CUDACC__ /D_MBCS /I"C:\Program Files\NVIDIA GPU Computing Toolkit\CUDA\v5.0\include" /I"C:\Program Files\NVIDIA GPU Computing Toolkit\CUDA\v5.0\bin" /I"C:\Program Files\NVIDIA GPU Computing Toolkit\CUDA\v5.0\include" /I. /FIcuda_runtime.h /c E:\Users\VS_project\CrowdSimulation_GPU\CrowdSimulation_GPU\main.cu 
       AddCudaCompileDeps:
         d:\Software\VS2010\VC\bin\cl.exe /E /nologo /showIncludes /TP /D__CUDACC__ /D_MBCS /I"C:\Program Files\NVIDIA GPU Computing Toolkit\CUDA\v5.0\include" /I"C:\Program Files\NVIDIA GPU Computing Toolkit\CUDA\v5.0\bin" /I"C:\Program Files\NVIDIA GPU Computing Toolkit\CUDA\v5.0\include" /I. /FIcuda_runtime.h /c E:\Users\VS_project\CrowdSimulation_GPU\CrowdSimulation_GPU\MapController.cpp 
       AddCudaCompilePropsDeps:
       正在跳过目标“AddCudaCompilePropsDeps”，因为所有输出文件相对于输入文件而言都是最新的。
       AddCudaCompilePropsDeps:
       正在跳过目标“AddCudaCompilePropsDeps”，因为所有输出文件相对于输入文件而言都是最新的。
       CudaBuild:
         Compiling CUDA source file main.cu...
         cmd.exe /C "C:\Users\sjtu\AppData\Local\Temp\tmpfa2bf7b9f80a4ee2bc14375f222539eb.cmd"
         "C:\Program Files\NVIDIA GPU Computing Toolkit\CUDA\v5.0\bin\nvcc.exe" -gencode=arch=compute_10,code=\"sm_10,compute_10\" --use-local-env --cl-version 2010 -ccbin "d:\Software\VS2010\VC\bin"  -I"C:\Program Files\NVIDIA GPU Computing Toolkit\CUDA\v5.0\include" -I"C:\Program Files\NVIDIA GPU Computing Toolkit\CUDA\v5.0\include"     --keep-dir "Release" -maxrregcount=0  --machine 32 --compile     -D_MBCS -Xcompiler "/EHsc /W3 /nologo /O2 /Zi  /MD  " -o "Release\main.cu.obj" "E:\Users\VS_project\CrowdSimulation_GPU\CrowdSimulation_GPU\main.cu"
         
         E:\Users\VS_project\CrowdSimulation_GPU\CrowdSimulation_GPU>"C:\Program Files\NVIDIA GPU Computing Toolkit\CUDA\v5.0\bin\nvcc.exe" -gencode=arch=compute_10,code=\"sm_10,compute_10\" --use-local-env --cl-version 2010 -ccbin "d:\Software\VS2010\VC\bin"  -I"C:\Program Files\NVIDIA GPU Computing Toolkit\CUDA\v5.0\include" -I"C:\Program Files\NVIDIA GPU Computing Toolkit\CUDA\v5.0\include"     --keep-dir "Release" -maxrregcount=0  --machine 32 --compile     -D_MBCS -Xcompiler "/EHsc /W3 /nologo /O2 /Zi  /MD  " -o "Release\main.cu.obj" "E:\Users\VS_project\CrowdSimulation_GPU\CrowdSimulation_GPU\main.cu" 
         main.cu
     1>E:/Users/VS_project/CrowdSimulation_GPU/CrowdSimulation_GPU/main.cu : warning C4819: 该文件包含不能在当前代码页(936)中表示的字符。请将该文件保存为 Unicode 格式以防止数据丢失
     1>e:\users\vs_project\crowdsimulation_gpu\crowdsimulation_gpu\Agent.h : warning C4819: 该文件包含不能在当前代码页(936)中表示的字符。请将该文件保存为 Unicode 格式以防止数据丢失
     1>e:\users\vs_project\crowdsimulation_gpu\crowdsimulation_gpu\CostNode.h : warning C4819: 该文件包含不能在当前代码页(936)中表示的字符。请将该文件保存为 Unicode 格式以防止数据丢失
         tmpxft_00001ec0_00000000-2_main.cudafe1.gpu
         tmpxft_00001ec0_00000000-7_main.cudafe2.gpu
         main.cu
     1>E:/Users/VS_project/CrowdSimulation_GPU/CrowdSimulation_GPU/main.cu : warning C4819: 该文件包含不能在当前代码页(936)中表示的字符。请将该文件保存为 Unicode 格式以防止数据丢失
     1>e:\users\vs_project\crowdsimulation_gpu\crowdsimulation_gpu\Agent.h : warning C4819: 该文件包含不能在当前代码页(936)中表示的字符。请将该文件保存为 Unicode 格式以防止数据丢失
     1>e:\users\vs_project\crowdsimulation_gpu\crowdsimulation_gpu\CostNode.h : warning C4819: 该文件包含不能在当前代码页(936)中表示的字符。请将该文件保存为 Unicode 格式以防止数据丢失
         tmpxft_00001ec0_00000000-2_main.cudafe1.cpp
         tmpxft_00001ec0_00000000-12_main.ii
     1>e:\users\vs_project\crowdsimulation_gpu\crowdsimulation_gpu\CostNode.h(26): warning C4800: “const float32”: 将值强制为布尔值“true”或“false”(性能警告)
       CudaBuild:
         Compiling CUDA source file MapController.cpp...
         cmd.exe /C "C:\Users\sjtu\AppData\Local\Temp\tmpbdea79615d7c4260a635af66cf4c655e.cmd"
         "C:\Program Files\NVIDIA GPU Computing Toolkit\CUDA\v5.0\bin\nvcc.exe" -gencode=arch=compute_10,code=\"sm_10,compute_10\" --use-local-env --cl-version 2010 -ccbin "d:\Software\VS2010\VC\bin"  -I"C:\Program Files\NVIDIA GPU Computing Toolkit\CUDA\v5.0\include" -I"C:\Program Files\NVIDIA GPU Computing Toolkit\CUDA\v5.0\include"     --keep-dir "Release" -maxrregcount=0  --machine 32 --compile     -D_MBCS -Xcompiler "/EHsc /W3 /nologo /O2 /Zi  /MD  " -o "Release\MapController.cpp.obj" "E:\Users\VS_project\CrowdSimulation_GPU\CrowdSimulation_GPU\MapController.cpp"
         
         E:\Users\VS_project\CrowdSimulation_GPU\CrowdSimulation_GPU>"C:\Program Files\NVIDIA GPU Computing Toolkit\CUDA\v5.0\bin\nvcc.exe" -gencode=arch=compute_10,code=\"sm_10,compute_10\" --use-local-env --cl-version 2010 -ccbin "d:\Software\VS2010\VC\bin"  -I"C:\Program Files\NVIDIA GPU Computing Toolkit\CUDA\v5.0\include" -I"C:\Program Files\NVIDIA GPU Computing Toolkit\CUDA\v5.0\include"     --keep-dir "Release" -maxrregcount=0  --machine 32 --compile     -D_MBCS -Xcompiler "/EHsc /W3 /nologo /O2 /Zi  /MD  " -o "Release\MapController.cpp.obj" "E:\Users\VS_project\CrowdSimulation_GPU\CrowdSimulation_GPU\MapController.cpp" 
         MapController.cpp
     1>e:\users\vs_project\crowdsimulation_gpu\crowdsimulation_gpu\Agent.h : warning C4819: 该文件包含不能在当前代码页(936)中表示的字符。请将该文件保存为 Unicode 格式以防止数据丢失
     1>e:\users\vs_project\crowdsimulation_gpu\crowdsimulation_gpu\CostNode.h : warning C4819: 该文件包含不能在当前代码页(936)中表示的字符。请将该文件保存为 Unicode 格式以防止数据丢失
     1>e:\users\vs_project\crowdsimulation_gpu\crowdsimulation_gpu\CostNode.h(26): warning C4800: “const float32”: 将值强制为布尔值“true”或“false”(性能警告)
     1>e:\users\vs_project\crowdsimulation_gpu\crowdsimulation_gpu\MathLib.h : warning C4819: 该文件包含不能在当前代码页(936)中表示的字符。请将该文件保存为 Unicode 格式以防止数据丢失
     1>e:\users\vs_project\crowdsimulation_gpu\crowdsimulation_gpu\Agent.h : warning C4819: 该文件包含不能在当前代码页(936)中表示的字符。请将该文件保存为 Unicode 格式以防止数据丢失
     1>e:\users\vs_project\crowdsimulation_gpu\crowdsimulation_gpu\B2Vec2DHelper.h(25): warning C4244: “参数”: 从“double”转换到“float32”，可能丢失数据
     1>e:\users\vs_project\crowdsimulation_gpu\crowdsimulation_gpu\B2Vec2DHelper.h(25): warning C4244: “参数”: 从“double”转换到“float32”，可能丢失数据
     1>E:/Users/VS_project/CrowdSimulation_GPU/CrowdSimulation_GPU/MapController.cpp(71): warning C4018: “<”: 有符号/无符号不匹配
     1>E:/Users/VS_project/CrowdSimulation_GPU/CrowdSimulation_GPU/MapController.cpp(216): warning C4018: “<”: 有符号/无符号不匹配
     1>E:/Users/VS_project/CrowdSimulation_GPU/CrowdSimulation_GPU/MapController.cpp(232): warning C4018: “<”: 有符号/无符号不匹配
     1>E:/Users/VS_project/CrowdSimulation_GPU/CrowdSimulation_GPU/MapController.cpp(332): warning C4018: “<”: 有符号/无符号不匹配
     1>E:/Users/VS_project/CrowdSimulation_GPU/CrowdSimulation_GPU/MapController.cpp(359): warning C4018: “<”: 有符号/无符号不匹配
     1>E:/Users/VS_project/CrowdSimulation_GPU/CrowdSimulation_GPU/MapController.cpp(388): warning C4018: “<”: 有符号/无符号不匹配
     1>E:/Users/VS_project/CrowdSimulation_GPU/CrowdSimulation_GPU/MapController.cpp(475): warning C4018: “<”: 有符号/无符号不匹配
       ClCompile:
         d:\Software\VS2010\VC\bin\CL.exe /c /I"C:\Program Files\NVIDIA GPU Computing Toolkit\CUDA\v5.0\include" /Zi /nologo /W3 /WX- /O2 /Oi /Oy- /GL /D _MBCS /Gm- /EHsc /MD /GS /Gy /fp:precise /Zc:wchar_t /Zc:forScope /openmp /Fo"Release\\" /Fd"Release\vc100.pdb" /Gd /TP /analyze- /errorReport:prompt Agent.cpp KDObstacle.cpp
         Agent.cpp
     1>Agent.cpp : warning C4819: 该文件包含不能在当前代码页(936)中表示的字符。请将该文件保存为 Unicode 格式以防止数据丢失
     1>e:\users\vs_project\crowdsimulation_gpu\crowdsimulation_gpu\Agent.h : warning C4819: 该文件包含不能在当前代码页(936)中表示的字符。请将该文件保存为 Unicode 格式以防止数据丢失
     1>Agent.cpp(14): warning C4305: “初始化”: 从“double”到“float32”截断
     1>Agent.cpp(15): warning C4305: “初始化”: 从“double”到“float32”截断
         KDObstacle.cpp
     1>KDObstacle.cpp : warning C4819: 该文件包含不能在当前代码页(936)中表示的字符。请将该文件保存为 Unicode 格式以防止数据丢失
     1>e:\users\vs_project\crowdsimulation_gpu\crowdsimulation_gpu\KDObstacle.h : warning C4819: 该文件包含不能在当前代码页(936)中表示的字符。请将该文件保存为 Unicode 格式以防止数据丢失
       ManifestResourceCompile:
         所有输出均为最新。
       Link:
         d:\Software\VS2010\VC\bin\link.exe /ERRORREPORT:PROMPT /OUT:"E:\Users\VS_project\CrowdSimulation_GPU\Release\CrowdSimulation_GPU.exe" /INCREMENTAL /NOLOGO /LIBPATH:"C:\Program Files\NVIDIA GPU Computing Toolkit\CUDA\v5.0\lib\Win32" cudart.lib kernel32.lib user32.lib gdi32.lib winspool.lib comdlg32.lib advapi32.lib shell32.lib ole32.lib oleaut32.lib uuid.lib odbc32.lib odbccp32.lib box2D.lib kernel32.lib user32.lib gdi32.lib winspool.lib comdlg32.lib advapi32.lib shell32.lib ole32.lib oleaut32.lib uuid.lib odbc32.lib odbccp32.lib /MANIFEST /ManifestFile:"Release\CrowdSimulation_GPU.exe.intermediate.manifest" /MANIFESTUAC:"level='asInvoker' uiAccess='false'" /DEBUG /PDB:"E:\Users\VS_project\CrowdSimulation_GPU\Release\CrowdSimulation_GPU.pdb" /SUBSYSTEM:CONSOLE /OPT:REF /OPT:ICF /LTCG /TLBID:1 /DYNAMICBASE /NXCOMPAT /IMPLIB:"E:\Users\VS_project\CrowdSimulation_GPU\Release\CrowdSimulation_GPU.lib" /MACHINE:X86 Release\main.cu.obj
         Release\MapController.cpp.obj
         Release\CrowdSimulation_GPU.exe.embed.manifest.res
         Release\Agent.obj
         Release\GlobalConfig.obj
         Release\KDObstacle.obj
         Release\KDTree.obj
         Release\Vector.obj
     1>LINK : warning LNK4075: 忽略“/INCREMENTAL”(由于“/LTCG”规范)
         正在生成代码
         已完成代码的生成
       Manifest:
         C:\Program Files (x86)\Microsoft SDKs\Windows\v7.0A\bin\mt.exe /nologo /verbose /out:"Release\CrowdSimulation_GPU.exe.embed.manifest" /manifest Release\CrowdSimulation_GPU.exe.intermediate.manifest
         所有输出均为最新。
       LinkEmbedManifest:
         所有输出均为最新。
         CrowdSimulation_GPU.vcxproj -> E:\Users\VS_project\CrowdSimulation_GPU\Release\CrowdSimulation_GPU.exe
       PostBuildEvent:
         echo copy "C:\Program Files\NVIDIA GPU Computing Toolkit\CUDA\v5.0\bin\cudart*.dll" "E:\Users\VS_project\CrowdSimulation_GPU\Release\"
         copy "C:\Program Files\NVIDIA GPU Computing Toolkit\CUDA\v5.0\bin\cudart*.dll" "E:\Users\VS_project\CrowdSimulation_GPU\Release\"
         :VCEnd
         copy "C:\Program Files\NVIDIA GPU Computing Toolkit\CUDA\v5.0\bin\cudart*.dll" "E:\Users\VS_project\CrowdSimulation_GPU\Release\"
         C:\Program Files\NVIDIA GPU Computing Toolkit\CUDA\v5.0\bin\cudart32_50_35.dll
         C:\Program Files\NVIDIA GPU Computing Toolkit\CUDA\v5.0\bin\cudart64_50_35.dll
         已复制         2 个文件。
       FinalizeBuildStatus:
         正在删除文件“Release\CrowdSimulation_GPU.unsuccessfulbuild”。
         正在对“Release\CrowdSimulation_GPU.lastbuildstate”执行 Touch 任务。
     1>已完成生成项目“E:\Users\VS_project\CrowdSimulation_GPU\CrowdSimulation_GPU\CrowdSimulation_GPU.vcxproj”(build 个目标)的操作。

生成成功。

已用时间 00:00:05.82
